<?xml version="1.0" encoding="UTF-8"?>
<testsuite xmlns:xsi="http://www.w3.org/2001/XMLSchema-instance" xsi:noNamespaceSchemaLocation="https://maven.apache.org/surefire/maven-surefire-plugin/xsd/surefire-test-report.xsd" name="com.netmarch.web.WebApplicationTests" time="10.355" tests="1" errors="0" skipped="0" failures="0">
  <properties>
    <property name="sun.desktop" value="windows"/>
    <property name="awt.toolkit" value="sun.awt.windows.WToolkit"/>
    <property name="file.encoding.pkg" value="sun.io"/>
    <property name="java.specification.version" value="1.8"/>
    <property name="sun.cpu.isalist" value="amd64"/>
    <property name="sun.jnu.encoding" value="GBK"/>
    <property name="java.class.path" value="D:\Project\web\target\test-classes;D:\Project\web\target\classes;E:\WorkSoft\Maven\LocalWarehouse\tk\mybatis\mapper-spring-boot-starter\2.0.3\mapper-spring-boot-starter-2.0.3.jar;E:\WorkSoft\Maven\LocalWarehouse\org\springframework\boot\spring-boot-starter\2.0.2.RELEASE\spring-boot-starter-2.0.2.RELEASE.jar;E:\WorkSoft\Maven\LocalWarehouse\org\springframework\boot\spring-boot-starter-logging\2.0.2.RELEASE\spring-boot-starter-logging-2.0.2.RELEASE.jar;E:\WorkSoft\Maven\LocalWarehouse\ch\qos\logback\logback-classic\1.2.3\logback-classic-1.2.3.jar;E:\WorkSoft\Maven\LocalWarehouse\ch\qos\logback\logback-core\1.2.3\logback-core-1.2.3.jar;E:\WorkSoft\Maven\LocalWarehouse\org\apache\logging\log4j\log4j-to-slf4j\2.10.0\log4j-to-slf4j-2.10.0.jar;E:\WorkSoft\Maven\LocalWarehouse\org\apache\logging\log4j\log4j-api\2.10.0\log4j-api-2.10.0.jar;E:\WorkSoft\Maven\LocalWarehouse\org\slf4j\jul-to-slf4j\1.7.25\jul-to-slf4j-1.7.25.jar;E:\WorkSoft\Maven\LocalWarehouse\javax\annotation\javax.annotation-api\1.3.2\javax.annotation-api-1.3.2.jar;E:\WorkSoft\Maven\LocalWarehouse\org\yaml\snakeyaml\1.19\snakeyaml-1.19.jar;E:\WorkSoft\Maven\LocalWarehouse\org\mybatis\mybatis\3.4.6\mybatis-3.4.6.jar;E:\WorkSoft\Maven\LocalWarehouse\org\mybatis\mybatis-spring\1.3.2\mybatis-spring-1.3.2.jar;E:\WorkSoft\Maven\LocalWarehouse\tk\mybatis\mapper-core\1.0.4\mapper-core-1.0.4.jar;E:\WorkSoft\Maven\LocalWarehouse\javax\persistence\persistence-api\1.0\persistence-api-1.0.jar;E:\WorkSoft\Maven\LocalWarehouse\tk\mybatis\mapper-base\1.0.4\mapper-base-1.0.4.jar;E:\WorkSoft\Maven\LocalWarehouse\tk\mybatis\mapper-weekend\1.1.3\mapper-weekend-1.1.3.jar;E:\WorkSoft\Maven\LocalWarehouse\tk\mybatis\mapper-spring\1.0.4\mapper-spring-1.0.4.jar;E:\WorkSoft\Maven\LocalWarehouse\tk\mybatis\mapper-extra\1.0.4\mapper-extra-1.0.4.jar;E:\WorkSoft\Maven\LocalWarehouse\tk\mybatis\mapper-spring-boot-autoconfigure\2.0.3\mapper-spring-boot-autoconfigure-2.0.3.jar;E:\WorkSoft\Maven\LocalWarehouse\org\springframework\boot\spring-boot-starter-thymeleaf\2.0.2.RELEASE\spring-boot-starter-thymeleaf-2.0.2.RELEASE.jar;E:\WorkSoft\Maven\LocalWarehouse\org\thymeleaf\thymeleaf-spring5\3.0.9.RELEASE\thymeleaf-spring5-3.0.9.RELEASE.jar;E:\WorkSoft\Maven\LocalWarehouse\org\thymeleaf\thymeleaf\3.0.9.RELEASE\thymeleaf-3.0.9.RELEASE.jar;E:\WorkSoft\Maven\LocalWarehouse\org\attoparser\attoparser\2.0.4.RELEASE\attoparser-2.0.4.RELEASE.jar;E:\WorkSoft\Maven\LocalWarehouse\org\unbescape\unbescape\1.1.5.RELEASE\unbescape-1.1.5.RELEASE.jar;E:\WorkSoft\Maven\LocalWarehouse\org\thymeleaf\extras\thymeleaf-extras-java8time\3.0.1.RELEASE\thymeleaf-extras-java8time-3.0.1.RELEASE.jar;E:\WorkSoft\Maven\LocalWarehouse\org\springframework\boot\spring-boot-starter-web\2.0.2.RELEASE\spring-boot-starter-web-2.0.2.RELEASE.jar;E:\WorkSoft\Maven\LocalWarehouse\org\springframework\boot\spring-boot-starter-json\2.0.2.RELEASE\spring-boot-starter-json-2.0.2.RELEASE.jar;E:\WorkSoft\Maven\LocalWarehouse\com\fasterxml\jackson\core\jackson-databind\2.9.5\jackson-databind-2.9.5.jar;E:\WorkSoft\Maven\LocalWarehouse\com\fasterxml\jackson\core\jackson-annotations\2.9.0\jackson-annotations-2.9.0.jar;E:\WorkSoft\Maven\LocalWarehouse\com\fasterxml\jackson\core\jackson-core\2.9.5\jackson-core-2.9.5.jar;E:\WorkSoft\Maven\LocalWarehouse\com\fasterxml\jackson\datatype\jackson-datatype-jdk8\2.9.5\jackson-datatype-jdk8-2.9.5.jar;E:\WorkSoft\Maven\LocalWarehouse\com\fasterxml\jackson\datatype\jackson-datatype-jsr310\2.9.5\jackson-datatype-jsr310-2.9.5.jar;E:\WorkSoft\Maven\LocalWarehouse\com\fasterxml\jackson\module\jackson-module-parameter-names\2.9.5\jackson-module-parameter-names-2.9.5.jar;E:\WorkSoft\Maven\LocalWarehouse\org\springframework\boot\spring-boot-starter-tomcat\2.0.2.RELEASE\spring-boot-starter-tomcat-2.0.2.RELEASE.jar;E:\WorkSoft\Maven\LocalWarehouse\org\apache\tomcat\embed\tomcat-embed-core\8.5.31\tomcat-embed-core-8.5.31.jar;E:\WorkSoft\Maven\LocalWarehouse\org\apache\tomcat\embed\tomcat-embed-el\8.5.31\tomcat-embed-el-8.5.31.jar;E:\WorkSoft\Maven\LocalWarehouse\org\apache\tomcat\embed\tomcat-embed-websocket\8.5.31\tomcat-embed-websocket-8.5.31.jar;E:\WorkSoft\Maven\LocalWarehouse\org\hibernate\validator\hibernate-validator\6.0.9.Final\hibernate-validator-6.0.9.Final.jar;E:\WorkSoft\Maven\LocalWarehouse\javax\validation\validation-api\2.0.1.Final\validation-api-2.0.1.Final.jar;E:\WorkSoft\Maven\LocalWarehouse\org\jboss\logging\jboss-logging\3.3.2.Final\jboss-logging-3.3.2.Final.jar;E:\WorkSoft\Maven\LocalWarehouse\com\fasterxml\classmate\1.3.4\classmate-1.3.4.jar;E:\WorkSoft\Maven\LocalWarehouse\org\springframework\spring-web\5.0.6.RELEASE\spring-web-5.0.6.RELEASE.jar;E:\WorkSoft\Maven\LocalWarehouse\org\springframework\spring-webmvc\5.0.6.RELEASE\spring-webmvc-5.0.6.RELEASE.jar;E:\WorkSoft\Maven\LocalWarehouse\mysql\mysql-connector-java\5.1.46\mysql-connector-java-5.1.46.jar;E:\WorkSoft\Maven\LocalWarehouse\com\alibaba\druid\1.0.25\druid-1.0.25.jar;D:\Java\jdk1.8.0_60\jre\..\lib\jconsole.jar;D:\Java\jdk1.8.0_60\jre\..\lib\tools.jar;E:\WorkSoft\Maven\LocalWarehouse\org\projectlombok\lombok\1.16.20\lombok-1.16.20.jar;E:\WorkSoft\Maven\LocalWarehouse\org\springframework\boot\spring-boot-starter-test\2.0.2.RELEASE\spring-boot-starter-test-2.0.2.RELEASE.jar;E:\WorkSoft\Maven\LocalWarehouse\org\springframework\boot\spring-boot-test\2.0.2.RELEASE\spring-boot-test-2.0.2.RELEASE.jar;E:\WorkSoft\Maven\LocalWarehouse\org\springframework\boot\spring-boot-test-autoconfigure\2.0.2.RELEASE\spring-boot-test-autoconfigure-2.0.2.RELEASE.jar;E:\WorkSoft\Maven\LocalWarehouse\com\jayway\jsonpath\json-path\2.4.0\json-path-2.4.0.jar;E:\WorkSoft\Maven\LocalWarehouse\net\minidev\json-smart\2.3\json-smart-2.3.jar;E:\WorkSoft\Maven\LocalWarehouse\net\minidev\accessors-smart\1.2\accessors-smart-1.2.jar;E:\WorkSoft\Maven\LocalWarehouse\org\ow2\asm\asm\5.0.4\asm-5.0.4.jar;E:\WorkSoft\Maven\LocalWarehouse\junit\junit\4.12\junit-4.12.jar;E:\WorkSoft\Maven\LocalWarehouse\org\assertj\assertj-core\3.9.1\assertj-core-3.9.1.jar;E:\WorkSoft\Maven\LocalWarehouse\org\mockito\mockito-core\2.15.0\mockito-core-2.15.0.jar;E:\WorkSoft\Maven\LocalWarehouse\net\bytebuddy\byte-buddy\1.7.11\byte-buddy-1.7.11.jar;E:\WorkSoft\Maven\LocalWarehouse\net\bytebuddy\byte-buddy-agent\1.7.11\byte-buddy-agent-1.7.11.jar;E:\WorkSoft\Maven\LocalWarehouse\org\objenesis\objenesis\2.6\objenesis-2.6.jar;E:\WorkSoft\Maven\LocalWarehouse\org\hamcrest\hamcrest-core\1.3\hamcrest-core-1.3.jar;E:\WorkSoft\Maven\LocalWarehouse\org\hamcrest\hamcrest-library\1.3\hamcrest-library-1.3.jar;E:\WorkSoft\Maven\LocalWarehouse\org\skyscreamer\jsonassert\1.5.0\jsonassert-1.5.0.jar;E:\WorkSoft\Maven\LocalWarehouse\com\vaadin\external\google\android-json\0.0.20131108.vaadin1\android-json-0.0.20131108.vaadin1.jar;E:\WorkSoft\Maven\LocalWarehouse\org\springframework\spring-core\5.0.6.RELEASE\spring-core-5.0.6.RELEASE.jar;E:\WorkSoft\Maven\LocalWarehouse\org\springframework\spring-jcl\5.0.6.RELEASE\spring-jcl-5.0.6.RELEASE.jar;E:\WorkSoft\Maven\LocalWarehouse\org\xmlunit\xmlunit-core\2.5.1\xmlunit-core-2.5.1.jar;E:\WorkSoft\Maven\LocalWarehouse\com\github\pagehelper\pagehelper-spring-boot-starter\1.2.10\pagehelper-spring-boot-starter-1.2.10.jar;E:\WorkSoft\Maven\LocalWarehouse\org\mybatis\spring\boot\mybatis-spring-boot-starter\1.3.2\mybatis-spring-boot-starter-1.3.2.jar;E:\WorkSoft\Maven\LocalWarehouse\org\mybatis\spring\boot\mybatis-spring-boot-autoconfigure\1.3.2\mybatis-spring-boot-autoconfigure-1.3.2.jar;E:\WorkSoft\Maven\LocalWarehouse\com\github\pagehelper\pagehelper-spring-boot-autoconfigure\1.2.10\pagehelper-spring-boot-autoconfigure-1.2.10.jar;E:\WorkSoft\Maven\LocalWarehouse\com\github\pagehelper\pagehelper\5.1.8\pagehelper-5.1.8.jar;E:\WorkSoft\Maven\LocalWarehouse\com\github\jsqlparser\jsqlparser\1.2\jsqlparser-1.2.jar;E:\WorkSoft\Maven\LocalWarehouse\org\slf4j\slf4j-log4j12\1.8.0-beta2\slf4j-log4j12-1.8.0-beta2.jar;E:\WorkSoft\Maven\LocalWarehouse\org\slf4j\slf4j-api\1.7.25\slf4j-api-1.7.25.jar;E:\WorkSoft\Maven\LocalWarehouse\log4j\log4j\1.2.17\log4j-1.2.17.jar;E:\WorkSoft\Maven\LocalWarehouse\com\alibaba\fastjson\1.2.56\fastjson-1.2.56.jar;E:\WorkSoft\Maven\LocalWarehouse\org\apache\commons\commons-lang3\3.8.1\commons-lang3-3.8.1.jar;E:\WorkSoft\Maven\LocalWarehouse\org\springframework\security\spring-security-core\4.2.11.RELEASE\spring-security-core-4.2.11.RELEASE.jar;E:\WorkSoft\Maven\LocalWarehouse\aopalliance\aopalliance\1.0\aopalliance-1.0.jar;E:\WorkSoft\Maven\LocalWarehouse\org\springframework\spring-aop\5.0.6.RELEASE\spring-aop-5.0.6.RELEASE.jar;E:\WorkSoft\Maven\LocalWarehouse\org\springframework\spring-beans\5.0.6.RELEASE\spring-beans-5.0.6.RELEASE.jar;E:\WorkSoft\Maven\LocalWarehouse\org\springframework\spring-context\5.0.6.RELEASE\spring-context-5.0.6.RELEASE.jar;E:\WorkSoft\Maven\LocalWarehouse\org\springframework\spring-expression\5.0.6.RELEASE\spring-expression-5.0.6.RELEASE.jar;E:\WorkSoft\Maven\LocalWarehouse\com\itextpdf\itextpdf\5.4.2\itextpdf-5.4.2.jar;E:\WorkSoft\Maven\LocalWarehouse\org\xhtmlrenderer\core-renderer\R8\core-renderer-R8.jar;E:\WorkSoft\Maven\LocalWarehouse\com\lowagie\itext\2.0.8\itext-2.0.8.jar;E:\WorkSoft\Maven\LocalWarehouse\bouncycastle\bcmail-jdk14\138\bcmail-jdk14-138.jar;E:\WorkSoft\Maven\LocalWarehouse\bouncycastle\bcprov-jdk14\138\bcprov-jdk14-138.jar;E:\WorkSoft\Maven\LocalWarehouse\commons-io\commons-io\1.3.2\commons-io-1.3.2.jar;E:\WorkSoft\Maven\LocalWarehouse\org\freemarker\freemarker\2.3.26-incubating\freemarker-2.3.26-incubating.jar;E:\WorkSoft\Maven\LocalWarehouse\org\springframework\spring-test\5.1.5.RELEASE\spring-test-5.1.5.RELEASE.jar;E:\WorkSoft\Maven\LocalWarehouse\org\springframework\boot\spring-boot-devtools\2.0.2.RELEASE\spring-boot-devtools-2.0.2.RELEASE.jar;E:\WorkSoft\Maven\LocalWarehouse\org\springframework\boot\spring-boot\2.0.2.RELEASE\spring-boot-2.0.2.RELEASE.jar;E:\WorkSoft\Maven\LocalWarehouse\org\springframework\boot\spring-boot-autoconfigure\2.0.2.RELEASE\spring-boot-autoconfigure-2.0.2.RELEASE.jar;E:\WorkSoft\Maven\LocalWarehouse\org\springframework\boot\spring-boot-starter-jdbc\2.0.2.RELEASE\spring-boot-starter-jdbc-2.0.2.RELEASE.jar;E:\WorkSoft\Maven\LocalWarehouse\com\zaxxer\HikariCP\2.7.9\HikariCP-2.7.9.jar;E:\WorkSoft\Maven\LocalWarehouse\org\springframework\spring-jdbc\5.0.6.RELEASE\spring-jdbc-5.0.6.RELEASE.jar;E:\WorkSoft\Maven\LocalWarehouse\org\springframework\spring-tx\5.0.6.RELEASE\spring-tx-5.0.6.RELEASE.jar;"/>
    <property name="java.vm.vendor" value="Oracle Corporation"/>
    <property name="sun.arch.data.model" value="64"/>
    <property name="user.variant" value=""/>
    <property name="java.vendor.url" value="http://java.oracle.com/"/>
    <property name="user.timezone" value=""/>
    <property name="java.vm.specification.version" value="1.8"/>
    <property name="os.name" value="Windows 7"/>
    <property name="user.country" value="CN"/>
    <property name="sun.java.launcher" value="SUN_STANDARD"/>
    <property name="sun.boot.library.path" value="D:\Java\jdk1.8.0_60\jre\bin"/>
    <property name="sun.java.command" value="C:\Users\ADMINI~1\AppData\Local\Temp\surefire7149260189102191290\surefirebooter6983938762007352397.jar C:\Users\Administrator\AppData\Local\Temp\surefire7149260189102191290 2019-11-11T08-55-12_267-jvmRun1 surefire5099530813482978502tmp surefire_08224888264087339698tmp"/>
    <property name="surefire.test.class.path" value="D:\Project\web\target\test-classes;D:\Project\web\target\classes;E:\WorkSoft\Maven\LocalWarehouse\tk\mybatis\mapper-spring-boot-starter\2.0.3\mapper-spring-boot-starter-2.0.3.jar;E:\WorkSoft\Maven\LocalWarehouse\org\springframework\boot\spring-boot-starter\2.0.2.RELEASE\spring-boot-starter-2.0.2.RELEASE.jar;E:\WorkSoft\Maven\LocalWarehouse\org\springframework\boot\spring-boot-starter-logging\2.0.2.RELEASE\spring-boot-starter-logging-2.0.2.RELEASE.jar;E:\WorkSoft\Maven\LocalWarehouse\ch\qos\logback\logback-classic\1.2.3\logback-classic-1.2.3.jar;E:\WorkSoft\Maven\LocalWarehouse\ch\qos\logback\logback-core\1.2.3\logback-core-1.2.3.jar;E:\WorkSoft\Maven\LocalWarehouse\org\apache\logging\log4j\log4j-to-slf4j\2.10.0\log4j-to-slf4j-2.10.0.jar;E:\WorkSoft\Maven\LocalWarehouse\org\apache\logging\log4j\log4j-api\2.10.0\log4j-api-2.10.0.jar;E:\WorkSoft\Maven\LocalWarehouse\org\slf4j\jul-to-slf4j\1.7.25\jul-to-slf4j-1.7.25.jar;E:\WorkSoft\Maven\LocalWarehouse\javax\annotation\javax.annotation-api\1.3.2\javax.annotation-api-1.3.2.jar;E:\WorkSoft\Maven\LocalWarehouse\org\yaml\snakeyaml\1.19\snakeyaml-1.19.jar;E:\WorkSoft\Maven\LocalWarehouse\org\mybatis\mybatis\3.4.6\mybatis-3.4.6.jar;E:\WorkSoft\Maven\LocalWarehouse\org\mybatis\mybatis-spring\1.3.2\mybatis-spring-1.3.2.jar;E:\WorkSoft\Maven\LocalWarehouse\tk\mybatis\mapper-core\1.0.4\mapper-core-1.0.4.jar;E:\WorkSoft\Maven\LocalWarehouse\javax\persistence\persistence-api\1.0\persistence-api-1.0.jar;E:\WorkSoft\Maven\LocalWarehouse\tk\mybatis\mapper-base\1.0.4\mapper-base-1.0.4.jar;E:\WorkSoft\Maven\LocalWarehouse\tk\mybatis\mapper-weekend\1.1.3\mapper-weekend-1.1.3.jar;E:\WorkSoft\Maven\LocalWarehouse\tk\mybatis\mapper-spring\1.0.4\mapper-spring-1.0.4.jar;E:\WorkSoft\Maven\LocalWarehouse\tk\mybatis\mapper-extra\1.0.4\mapper-extra-1.0.4.jar;E:\WorkSoft\Maven\LocalWarehouse\tk\mybatis\mapper-spring-boot-autoconfigure\2.0.3\mapper-spring-boot-autoconfigure-2.0.3.jar;E:\WorkSoft\Maven\LocalWarehouse\org\springframework\boot\spring-boot-starter-thymeleaf\2.0.2.RELEASE\spring-boot-starter-thymeleaf-2.0.2.RELEASE.jar;E:\WorkSoft\Maven\LocalWarehouse\org\thymeleaf\thymeleaf-spring5\3.0.9.RELEASE\thymeleaf-spring5-3.0.9.RELEASE.jar;E:\WorkSoft\Maven\LocalWarehouse\org\thymeleaf\thymeleaf\3.0.9.RELEASE\thymeleaf-3.0.9.RELEASE.jar;E:\WorkSoft\Maven\LocalWarehouse\org\attoparser\attoparser\2.0.4.RELEASE\attoparser-2.0.4.RELEASE.jar;E:\WorkSoft\Maven\LocalWarehouse\org\unbescape\unbescape\1.1.5.RELEASE\unbescape-1.1.5.RELEASE.jar;E:\WorkSoft\Maven\LocalWarehouse\org\thymeleaf\extras\thymeleaf-extras-java8time\3.0.1.RELEASE\thymeleaf-extras-java8time-3.0.1.RELEASE.jar;E:\WorkSoft\Maven\LocalWarehouse\org\springframework\boot\spring-boot-starter-web\2.0.2.RELEASE\spring-boot-starter-web-2.0.2.RELEASE.jar;E:\WorkSoft\Maven\LocalWarehouse\org\springframework\boot\spring-boot-starter-json\2.0.2.RELEASE\spring-boot-starter-json-2.0.2.RELEASE.jar;E:\WorkSoft\Maven\LocalWarehouse\com\fasterxml\jackson\core\jackson-databind\2.9.5\jackson-databind-2.9.5.jar;E:\WorkSoft\Maven\LocalWarehouse\com\fasterxml\jackson\core\jackson-annotations\2.9.0\jackson-annotations-2.9.0.jar;E:\WorkSoft\Maven\LocalWarehouse\com\fasterxml\jackson\core\jackson-core\2.9.5\jackson-core-2.9.5.jar;E:\WorkSoft\Maven\LocalWarehouse\com\fasterxml\jackson\datatype\jackson-datatype-jdk8\2.9.5\jackson-datatype-jdk8-2.9.5.jar;E:\WorkSoft\Maven\LocalWarehouse\com\fasterxml\jackson\datatype\jackson-datatype-jsr310\2.9.5\jackson-datatype-jsr310-2.9.5.jar;E:\WorkSoft\Maven\LocalWarehouse\com\fasterxml\jackson\module\jackson-module-parameter-names\2.9.5\jackson-module-parameter-names-2.9.5.jar;E:\WorkSoft\Maven\LocalWarehouse\org\springframework\boot\spring-boot-starter-tomcat\2.0.2.RELEASE\spring-boot-starter-tomcat-2.0.2.RELEASE.jar;E:\WorkSoft\Maven\LocalWarehouse\org\apache\tomcat\embed\tomcat-embed-core\8.5.31\tomcat-embed-core-8.5.31.jar;E:\WorkSoft\Maven\LocalWarehouse\org\apache\tomcat\embed\tomcat-embed-el\8.5.31\tomcat-embed-el-8.5.31.jar;E:\WorkSoft\Maven\LocalWarehouse\org\apache\tomcat\embed\tomcat-embed-websocket\8.5.31\tomcat-embed-websocket-8.5.31.jar;E:\WorkSoft\Maven\LocalWarehouse\org\hibernate\validator\hibernate-validator\6.0.9.Final\hibernate-validator-6.0.9.Final.jar;E:\WorkSoft\Maven\LocalWarehouse\javax\validation\validation-api\2.0.1.Final\validation-api-2.0.1.Final.jar;E:\WorkSoft\Maven\LocalWarehouse\org\jboss\logging\jboss-logging\3.3.2.Final\jboss-logging-3.3.2.Final.jar;E:\WorkSoft\Maven\LocalWarehouse\com\fasterxml\classmate\1.3.4\classmate-1.3.4.jar;E:\WorkSoft\Maven\LocalWarehouse\org\springframework\spring-web\5.0.6.RELEASE\spring-web-5.0.6.RELEASE.jar;E:\WorkSoft\Maven\LocalWarehouse\org\springframework\spring-webmvc\5.0.6.RELEASE\spring-webmvc-5.0.6.RELEASE.jar;E:\WorkSoft\Maven\LocalWarehouse\mysql\mysql-connector-java\5.1.46\mysql-connector-java-5.1.46.jar;E:\WorkSoft\Maven\LocalWarehouse\com\alibaba\druid\1.0.25\druid-1.0.25.jar;D:\Java\jdk1.8.0_60\jre\..\lib\jconsole.jar;D:\Java\jdk1.8.0_60\jre\..\lib\tools.jar;E:\WorkSoft\Maven\LocalWarehouse\org\projectlombok\lombok\1.16.20\lombok-1.16.20.jar;E:\WorkSoft\Maven\LocalWarehouse\org\springframework\boot\spring-boot-starter-test\2.0.2.RELEASE\spring-boot-starter-test-2.0.2.RELEASE.jar;E:\WorkSoft\Maven\LocalWarehouse\org\springframework\boot\spring-boot-test\2.0.2.RELEASE\spring-boot-test-2.0.2.RELEASE.jar;E:\WorkSoft\Maven\LocalWarehouse\org\springframework\boot\spring-boot-test-autoconfigure\2.0.2.RELEASE\spring-boot-test-autoconfigure-2.0.2.RELEASE.jar;E:\WorkSoft\Maven\LocalWarehouse\com\jayway\jsonpath\json-path\2.4.0\json-path-2.4.0.jar;E:\WorkSoft\Maven\LocalWarehouse\net\minidev\json-smart\2.3\json-smart-2.3.jar;E:\WorkSoft\Maven\LocalWarehouse\net\minidev\accessors-smart\1.2\accessors-smart-1.2.jar;E:\WorkSoft\Maven\LocalWarehouse\org\ow2\asm\asm\5.0.4\asm-5.0.4.jar;E:\WorkSoft\Maven\LocalWarehouse\junit\junit\4.12\junit-4.12.jar;E:\WorkSoft\Maven\LocalWarehouse\org\assertj\assertj-core\3.9.1\assertj-core-3.9.1.jar;E:\WorkSoft\Maven\LocalWarehouse\org\mockito\mockito-core\2.15.0\mockito-core-2.15.0.jar;E:\WorkSoft\Maven\LocalWarehouse\net\bytebuddy\byte-buddy\1.7.11\byte-buddy-1.7.11.jar;E:\WorkSoft\Maven\LocalWarehouse\net\bytebuddy\byte-buddy-agent\1.7.11\byte-buddy-agent-1.7.11.jar;E:\WorkSoft\Maven\LocalWarehouse\org\objenesis\objenesis\2.6\objenesis-2.6.jar;E:\WorkSoft\Maven\LocalWarehouse\org\hamcrest\hamcrest-core\1.3\hamcrest-core-1.3.jar;E:\WorkSoft\Maven\LocalWarehouse\org\hamcrest\hamcrest-library\1.3\hamcrest-library-1.3.jar;E:\WorkSoft\Maven\LocalWarehouse\org\skyscreamer\jsonassert\1.5.0\jsonassert-1.5.0.jar;E:\WorkSoft\Maven\LocalWarehouse\com\vaadin\external\google\android-json\0.0.20131108.vaadin1\android-json-0.0.20131108.vaadin1.jar;E:\WorkSoft\Maven\LocalWarehouse\org\springframework\spring-core\5.0.6.RELEASE\spring-core-5.0.6.RELEASE.jar;E:\WorkSoft\Maven\LocalWarehouse\org\springframework\spring-jcl\5.0.6.RELEASE\spring-jcl-5.0.6.RELEASE.jar;E:\WorkSoft\Maven\LocalWarehouse\org\xmlunit\xmlunit-core\2.5.1\xmlunit-core-2.5.1.jar;E:\WorkSoft\Maven\LocalWarehouse\com\github\pagehelper\pagehelper-spring-boot-starter\1.2.10\pagehelper-spring-boot-starter-1.2.10.jar;E:\WorkSoft\Maven\LocalWarehouse\org\mybatis\spring\boot\mybatis-spring-boot-starter\1.3.2\mybatis-spring-boot-starter-1.3.2.jar;E:\WorkSoft\Maven\LocalWarehouse\org\mybatis\spring\boot\mybatis-spring-boot-autoconfigure\1.3.2\mybatis-spring-boot-autoconfigure-1.3.2.jar;E:\WorkSoft\Maven\LocalWarehouse\com\github\pagehelper\pagehelper-spring-boot-autoconfigure\1.2.10\pagehelper-spring-boot-autoconfigure-1.2.10.jar;E:\WorkSoft\Maven\LocalWarehouse\com\github\pagehelper\pagehelper\5.1.8\pagehelper-5.1.8.jar;E:\WorkSoft\Maven\LocalWarehouse\com\github\jsqlparser\jsqlparser\1.2\jsqlparser-1.2.jar;E:\WorkSoft\Maven\LocalWarehouse\org\slf4j\slf4j-log4j12\1.8.0-beta2\slf4j-log4j12-1.8.0-beta2.jar;E:\WorkSoft\Maven\LocalWarehouse\org\slf4j\slf4j-api\1.7.25\slf4j-api-1.7.25.jar;E:\WorkSoft\Maven\LocalWarehouse\log4j\log4j\1.2.17\log4j-1.2.17.jar;E:\WorkSoft\Maven\LocalWarehouse\com\alibaba\fastjson\1.2.56\fastjson-1.2.56.jar;E:\WorkSoft\Maven\LocalWarehouse\org\apache\commons\commons-lang3\3.8.1\commons-lang3-3.8.1.jar;E:\WorkSoft\Maven\LocalWarehouse\org\springframework\security\spring-security-core\4.2.11.RELEASE\spring-security-core-4.2.11.RELEASE.jar;E:\WorkSoft\Maven\LocalWarehouse\aopalliance\aopalliance\1.0\aopalliance-1.0.jar;E:\WorkSoft\Maven\LocalWarehouse\org\springframework\spring-aop\5.0.6.RELEASE\spring-aop-5.0.6.RELEASE.jar;E:\WorkSoft\Maven\LocalWarehouse\org\springframework\spring-beans\5.0.6.RELEASE\spring-beans-5.0.6.RELEASE.jar;E:\WorkSoft\Maven\LocalWarehouse\org\springframework\spring-context\5.0.6.RELEASE\spring-context-5.0.6.RELEASE.jar;E:\WorkSoft\Maven\LocalWarehouse\org\springframework\spring-expression\5.0.6.RELEASE\spring-expression-5.0.6.RELEASE.jar;E:\WorkSoft\Maven\LocalWarehouse\com\itextpdf\itextpdf\5.4.2\itextpdf-5.4.2.jar;E:\WorkSoft\Maven\LocalWarehouse\org\xhtmlrenderer\core-renderer\R8\core-renderer-R8.jar;E:\WorkSoft\Maven\LocalWarehouse\com\lowagie\itext\2.0.8\itext-2.0.8.jar;E:\WorkSoft\Maven\LocalWarehouse\bouncycastle\bcmail-jdk14\138\bcmail-jdk14-138.jar;E:\WorkSoft\Maven\LocalWarehouse\bouncycastle\bcprov-jdk14\138\bcprov-jdk14-138.jar;E:\WorkSoft\Maven\LocalWarehouse\commons-io\commons-io\1.3.2\commons-io-1.3.2.jar;E:\WorkSoft\Maven\LocalWarehouse\org\freemarker\freemarker\2.3.26-incubating\freemarker-2.3.26-incubating.jar;E:\WorkSoft\Maven\LocalWarehouse\org\springframework\spring-test\5.1.5.RELEASE\spring-test-5.1.5.RELEASE.jar;E:\WorkSoft\Maven\LocalWarehouse\org\springframework\boot\spring-boot-devtools\2.0.2.RELEASE\spring-boot-devtools-2.0.2.RELEASE.jar;E:\WorkSoft\Maven\LocalWarehouse\org\springframework\boot\spring-boot\2.0.2.RELEASE\spring-boot-2.0.2.RELEASE.jar;E:\WorkSoft\Maven\LocalWarehouse\org\springframework\boot\spring-boot-autoconfigure\2.0.2.RELEASE\spring-boot-autoconfigure-2.0.2.RELEASE.jar;E:\WorkSoft\Maven\LocalWarehouse\org\springframework\boot\spring-boot-starter-jdbc\2.0.2.RELEASE\spring-boot-starter-jdbc-2.0.2.RELEASE.jar;E:\WorkSoft\Maven\LocalWarehouse\com\zaxxer\HikariCP\2.7.9\HikariCP-2.7.9.jar;E:\WorkSoft\Maven\LocalWarehouse\org\springframework\spring-jdbc\5.0.6.RELEASE\spring-jdbc-5.0.6.RELEASE.jar;E:\WorkSoft\Maven\LocalWarehouse\org\springframework\spring-tx\5.0.6.RELEASE\spring-tx-5.0.6.RELEASE.jar;"/>
    <property name="sun.cpu.endian" value="little"/>
    <property name="user.home" value="C:\Users\Administrator"/>
    <property name="user.language" value="zh"/>
    <property name="java.specification.vendor" value="Oracle Corporation"/>
    <property name="java.home" value="D:\Java\jdk1.8.0_60\jre"/>
    <property name="basedir" value="D:\Project\web"/>
    <property name="file.separator" value="\"/>
    <property name="line.separator" value="&#10;"/>
    <property name="java.vm.specification.vendor" value="Oracle Corporation"/>
    <property name="java.specification.name" value="Java Platform API Specification"/>
    <property name="java.awt.graphicsenv" value="sun.awt.Win32GraphicsEnvironment"/>
    <property name="surefire.real.class.path" value="C:\Users\ADMINI~1\AppData\Local\Temp\surefire7149260189102191290\surefirebooter6983938762007352397.jar"/>
    <property name="sun.boot.class.path" value="D:\Java\jdk1.8.0_60\jre\lib\resources.jar;D:\Java\jdk1.8.0_60\jre\lib\rt.jar;D:\Java\jdk1.8.0_60\jre\lib\sunrsasign.jar;D:\Java\jdk1.8.0_60\jre\lib\jsse.jar;D:\Java\jdk1.8.0_60\jre\lib\jce.jar;D:\Java\jdk1.8.0_60\jre\lib\charsets.jar;D:\Java\jdk1.8.0_60\jre\lib\jfr.jar;D:\Java\jdk1.8.0_60\jre\classes"/>
    <property name="user.script" value=""/>
    <property name="sun.management.compiler" value="HotSpot 64-Bit Tiered Compilers"/>
    <property name="java.runtime.version" value="1.8.0_60-b27"/>
    <property name="user.name" value="Administrator"/>
    <property name="path.separator" value=";"/>
    <property name="os.version" value="6.1"/>
    <property name="java.endorsed.dirs" value="D:\Java\jdk1.8.0_60\jre\lib\endorsed"/>
    <property name="java.runtime.name" value="Java(TM) SE Runtime Environment"/>
    <property name="file.encoding" value="GBK"/>
    <property name="java.vm.name" value="Java HotSpot(TM) 64-Bit Server VM"/>
    <property name="localRepository" value="E:\WorkSoft\Maven\LocalWarehouse"/>
    <property name="java.vendor.url.bug" value="http://bugreport.sun.com/bugreport/"/>
    <property name="java.io.tmpdir" value="C:\Users\ADMINI~1\AppData\Local\Temp\"/>
    <property name="idea.version" value="2018.2.5"/>
    <property name="java.version" value="1.8.0_60"/>
    <property name="user.dir" value="D:\Project\web"/>
    <property name="os.arch" value="amd64"/>
    <property name="java.vm.specification.name" value="Java Virtual Machine Specification"/>
    <property name="java.awt.printerjob" value="sun.awt.windows.WPrinterJob"/>
    <property name="sun.os.patch.level" value="Service Pack 1"/>
    <property name="java.library.path" value="D:\Java\jdk1.8.0_60\jre\bin;C:\Windows\Sun\Java\bin;C:\Windows\system32;C:\Windows;D:\Oracle\product\11.2.0\client_1\bin;E:\WorkSoft\oracle_client\product\11.2.0\client_1;E:\WorkSoft\product\11.2.0\client_1;C:\ProgramData\Oracle\Java\javapath;C:\Windows\system32;C:\Windows;C:\Windows\System32\Wbem;C:\Windows\System32\WindowsPowerShell\v1.0\;D:\Java\jdk1.8.0_60\bin;D:\Java\jdk1.8.0_60\jre\bin;%CATALINA_HOME%\bin;%CATALINA_HOME%\lib;E:\WorkSoft\Maven\apache-maven-3.3.9\bin;E:\WorkSoft\Redis\;E:\WorkSoft\mysql-5.7.25-winx64\bin;C:\Windows\SysWOW64\5097;C:\Windows\SysWOW64\5097;C:\Windows\SysWOW64;E:\WorkSoft\TortoiseSVN\bin;%CATALINA_HOME%\bin;%CATALINA_HOME%\lib;C:\Program Files (x86)\Windows Kits\8.1\Windows Performance Toolkit\;C:\Program Files\Microsoft SQL Server\110\Tools\Binn\;."/>
    <property name="java.vm.info" value="mixed mode"/>
    <property name="java.vendor" value="Oracle Corporation"/>
    <property name="java.vm.version" value="25.60-b23"/>
    <property name="java.ext.dirs" value="D:\Java\jdk1.8.0_60\jre\lib\ext;C:\Windows\Sun\Java\lib\ext"/>
    <property name="sun.io.unicode.encoding" value="UnicodeLittle"/>
    <property name="maven.repo.local" value="E:\WorkSoft\Maven\LocalWarehouse"/>
    <property name="java.class.version" value="52.0"/>
  </properties>
  <testcase name="contextLoads" classname="com.netmarch.web.WebApplicationTests" time="0.078"/>
</testsuite>